<html>
<head>
<title>TestNG:  sanity</title>
<link href="../testng.css" rel="stylesheet" type="text/css" />
<link href="../my-testng.css" rel="stylesheet" type="text/css" />

<style type="text/css">
.log { display: none;} 
.stack-trace { display: none;} 
</style>
<script type="text/javascript">
<!--
function flip(e) {
  current = e.style.display;
  if (current == 'block') {
    e.style.display = 'none';
    return 0;
  }
  else {
    e.style.display = 'block';
    return 1;
  }
}

function toggleBox(szDivId, elem, msg1, msg2)
{
  var res = -1;  if (document.getElementById) {
    res = flip(document.getElementById(szDivId));
  }
  else if (document.all) {
    // this is the way old msie versions work
    res = flip(document.all[szDivId]);
  }
  if(elem) {
    if(res == 0) elem.innerHTML = msg1; else elem.innerHTML = msg2;
  }

}

function toggleAllBoxes() {
  if (document.getElementsByTagName) {
    d = document.getElementsByTagName('div');
    for (i = 0; i < d.length; i++) {
      if (d[i].className == 'log') {
        flip(d[i]);
      }
    }
  }
}

// -->
</script>

</head>
<body>
<h2 align='center'>sanity</h2><table border='1' align="center">
<tr>
<td>Tests passed/Failed/Skipped:</td><td>10/1/0</td>
</tr><tr>
<td>Started on:</td><td>Tue Aug 20 15:26:10 IDT 2019</td>
</tr>
<tr><td>Total time:</td><td>210 seconds (210539 ms)</td>
</tr><tr>
<td>Included groups:</td><td></td>
</tr><tr>
<td>Excluded groups:</td><td></td>
</tr>
</table><p/>
<small><i>(Hover the method name to see the test class name)</i></small><p/>
<table width='100%' border='1' class='invocation-failed'>
<tr><td colspan='4' align='center'><b>FAILED TESTS</b></td></tr>
<tr><td><b>Test method</b></td>
<td width="30%"><b>Exception</b></td>
<td width="10%"><b>Time (seconds)</b></td>
<td><b>Instance</b></td>
</tr>
<tr>
<td title='com.yair_f.yair_f.GoogleLoginTest3.login()'><b>login</b><br>Test class: com.yair_f.yair_f.GoogleLoginTest3</td>
<td><div><pre>org.openqa.selenium.ElementClickInterceptedException: element click intercepted: Element &lt;span class=&quot;RveJvd snByac&quot;&gt;...&lt;/span&gt; is not clickable at point (83, 385). Other element would receive the click: &lt;div class=&quot;ANuIbb IdAqtf&quot; jsname=&quot;k4HEge&quot; tabindex=&quot;0&quot;&gt;&lt;/div&gt;
  (Session info: chrome=76.0.3809.100)
Build info: version: &apos;3.141.59&apos;, revision: &apos;e82be7d358&apos;, time: &apos;2018-11-14T08:17:03&apos;
System info: host: &apos;YAIR-FDEV&apos;, ip: &apos;10.0.4.20&apos;, os.name: &apos;Windows 10&apos;, os.arch: &apos;amd64&apos;, os.version: &apos;10.0&apos;, java.version: &apos;1.8.0_191&apos;
Driver info: org.openqa.selenium.chrome.ChromeDriver
Capabilities {acceptInsecureCerts: false, browserName: chrome, browserVersion: 76.0.3809.100, chrome: {chromedriverVersion: 76.0.3809.68 (420c9498db8ce..., userDataDir: C:\Users\yair-f\AppData\Loc...}, goog:chromeOptions: {debuggerAddress: localhost:60545}, javascriptEnabled: true, networkConnectionEnabled: false, pageLoadStrategy: normal, platform: XP, platformName: XP, proxy: Proxy(), setWindowRect: true, strictFileInteractability: false, timeouts: {implicit: 0, pageLoad: 300000, script: 30000}, unhandledPromptBehavior: dismiss and notify}
Session ID: 7de1cd21aaaa999d6c7f5c26cf6d97c7
	at org.openqa.selenium.remote.http.W3CHttpResponseCodec.createException(W3CHttpResponseCodec.java:187)
	at org.openqa.selenium.remote.http.W3CHttpResponseCodec.decode(W3CHttpResponseCodec.java:122)
	at org.openqa.selenium.remote.http.W3CHttpResponseCodec.decode(W3CHttpResponseCodec.java:49)
	at org.openqa.selenium.remote.HttpCommandExecutor.execute(HttpCommandExecutor.java:158)
	at org.openqa.selenium.remote.service.DriverCommandExecutor.execute(DriverCommandExecutor.java:83)
	at org.openqa.selenium.remote.RemoteWebDriver.execute(RemoteWebDriver.java:552)
	at org.openqa.selenium.remote.RemoteWebElement.execute(RemoteWebElement.java:285)
	at org.openqa.selenium.remote.RemoteWebElement.click(RemoteWebElement.java:84)
	at com.yair_f.yair_f.GoogleLoginTest3.login(GoogleLoginTest3.java:62)
... Removed 29 stack frames</pre></div><a href='#' onClick='toggleBox("stack-trace1468343491", this, "Click to show all stack frames", "Click to hide stack frames")'>Click to show all stack frames</a>
<div class='stack-trace' id='stack-trace1468343491'><pre>org.openqa.selenium.ElementClickInterceptedException: element click intercepted: Element &lt;span class=&quot;RveJvd snByac&quot;&gt;...&lt;/span&gt; is not clickable at point (83, 385). Other element would receive the click: &lt;div class=&quot;ANuIbb IdAqtf&quot; jsname=&quot;k4HEge&quot; tabindex=&quot;0&quot;&gt;&lt;/div&gt;
  (Session info: chrome=76.0.3809.100)
Build info: version: &apos;3.141.59&apos;, revision: &apos;e82be7d358&apos;, time: &apos;2018-11-14T08:17:03&apos;
System info: host: &apos;YAIR-FDEV&apos;, ip: &apos;10.0.4.20&apos;, os.name: &apos;Windows 10&apos;, os.arch: &apos;amd64&apos;, os.version: &apos;10.0&apos;, java.version: &apos;1.8.0_191&apos;
Driver info: org.openqa.selenium.chrome.ChromeDriver
Capabilities {acceptInsecureCerts: false, browserName: chrome, browserVersion: 76.0.3809.100, chrome: {chromedriverVersion: 76.0.3809.68 (420c9498db8ce..., userDataDir: C:\Users\yair-f\AppData\Loc...}, goog:chromeOptions: {debuggerAddress: localhost:60545}, javascriptEnabled: true, networkConnectionEnabled: false, pageLoadStrategy: normal, platform: XP, platformName: XP, proxy: Proxy(), setWindowRect: true, strictFileInteractability: false, timeouts: {implicit: 0, pageLoad: 300000, script: 30000}, unhandledPromptBehavior: dismiss and notify}
Session ID: 7de1cd21aaaa999d6c7f5c26cf6d97c7
	at sun.reflect.NativeConstructorAccessorImpl.newInstance0(Native Method)
	at sun.reflect.NativeConstructorAccessorImpl.newInstance(NativeConstructorAccessorImpl.java:62)
	at sun.reflect.DelegatingConstructorAccessorImpl.newInstance(DelegatingConstructorAccessorImpl.java:45)
	at java.lang.reflect.Constructor.newInstance(Constructor.java:423)
	at org.openqa.selenium.remote.http.W3CHttpResponseCodec.createException(W3CHttpResponseCodec.java:187)
	at org.openqa.selenium.remote.http.W3CHttpResponseCodec.decode(W3CHttpResponseCodec.java:122)
	at org.openqa.selenium.remote.http.W3CHttpResponseCodec.decode(W3CHttpResponseCodec.java:49)
	at org.openqa.selenium.remote.HttpCommandExecutor.execute(HttpCommandExecutor.java:158)
	at org.openqa.selenium.remote.service.DriverCommandExecutor.execute(DriverCommandExecutor.java:83)
	at org.openqa.selenium.remote.RemoteWebDriver.execute(RemoteWebDriver.java:552)
	at org.openqa.selenium.remote.RemoteWebElement.execute(RemoteWebElement.java:285)
	at org.openqa.selenium.remote.RemoteWebElement.click(RemoteWebElement.java:84)
	at com.yair_f.yair_f.GoogleLoginTest3.login(GoogleLoginTest3.java:62)
	at sun.reflect.NativeMethodAccessorImpl.invoke0(Native Method)
	at sun.reflect.NativeMethodAccessorImpl.invoke(NativeMethodAccessorImpl.java:62)
	at sun.reflect.DelegatingMethodAccessorImpl.invoke(DelegatingMethodAccessorImpl.java:43)
	at java.lang.reflect.Method.invoke(Method.java:498)
	at org.testng.internal.MethodInvocationHelper.invokeMethod(MethodInvocationHelper.java:124)
	at org.testng.internal.Invoker.invokeMethod(Invoker.java:583)
	at org.testng.internal.Invoker.invokeTestMethod(Invoker.java:719)
	at org.testng.internal.Invoker.invokeTestMethods(Invoker.java:989)
	at org.testng.internal.TestMethodWorker.invokeTestMethods(TestMethodWorker.java:125)
	at org.testng.internal.TestMethodWorker.run(TestMethodWorker.java:109)
	at org.testng.TestRunner.privateRun(TestRunner.java:648)
	at org.testng.TestRunner.run(TestRunner.java:505)
	at org.testng.SuiteRunner.runTest(SuiteRunner.java:455)
	at org.testng.SuiteRunner.runSequentially(SuiteRunner.java:450)
	at org.testng.SuiteRunner.privateRun(SuiteRunner.java:415)
	at org.testng.SuiteRunner.run(SuiteRunner.java:364)
	at org.testng.SuiteRunnerWorker.runSuite(SuiteRunnerWorker.java:52)
	at org.testng.SuiteRunnerWorker.run(SuiteRunnerWorker.java:84)
	at org.testng.TestNG.runSuitesSequentially(TestNG.java:1208)
	at org.testng.TestNG.runSuitesLocally(TestNG.java:1137)
	at org.testng.TestNG.runSuites(TestNG.java:1049)
	at org.testng.TestNG.run(TestNG.java:1017)
	at org.testng.remote.AbstractRemoteTestNG.run(AbstractRemoteTestNG.java:115)
	at org.testng.remote.RemoteTestNG.initAndRun(RemoteTestNG.java:251)
	at org.testng.remote.RemoteTestNG.main(RemoteTestNG.java:77)
</pre></div></td>
<td>10</td>
<td>com.yair_f.yair_f.GoogleLoginTest3@6536e911</td></tr>
</table><p>
<table width='100%' border='1' class='invocation-passed'>
<tr><td colspan='4' align='center'><b>PASSED TESTS</b></td></tr>
<tr><td><b>Test method</b></td>
<td width="30%"><b>Exception</b></td>
<td width="10%"><b>Time (seconds)</b></td>
<td><b>Instance</b></td>
</tr>
<tr>
<td title='com.yair_f.yair_f.AddArticleToSaveListTest7.addArticle()'><b>addArticle</b><br>Test class: com.yair_f.yair_f.AddArticleToSaveListTest7</td>
<td></td>
<td>16</td>
<td>com.yair_f.yair_f.AddArticleToSaveListTest7@6c3708b3</td></tr>
<tr>
<td title='com.yair_f.yair_f.LogOutTest2.disconnectUser()'><b>disconnectUser</b><br>Test class: com.yair_f.yair_f.LogOutTest2</td>
<td></td>
<td>37</td>
<td>com.yair_f.yair_f.LogOutTest2@6b09bb57</td></tr>
<tr>
<td title='com.yair_f.yair_f.ElectronicNewsPaperTest8.electronicNewsPaper()'><b>electronicNewsPaper</b><br>Test class: com.yair_f.yair_f.ElectronicNewsPaperTest8</td>
<td></td>
<td>16</td>
<td>com.yair_f.yair_f.ElectronicNewsPaperTest8@6f1fba17</td></tr>
<tr>
<td title='com.yair_f.yair_f.FacebookLoginTest6.login()'><b>login</b><br>Test class: com.yair_f.yair_f.FacebookLoginTest6</td>
<td></td>
<td>16</td>
<td>com.yair_f.yair_f.FacebookLoginTest6@3e9b1010</td></tr>
<tr>
<td title='com.yair_f.yair_f.LoginTest1.loginSession()'><b>loginSession</b><br>Test class: com.yair_f.yair_f.LoginTest1</td>
<td></td>
<td>8</td>
<td>com.yair_f.yair_f.LoginTest1@63753b6d</td></tr>
<tr>
<td title='com.yair_f.yair_f.RegisterToGlobesTest4.registration()'><b>registration</b><br>Test class: com.yair_f.yair_f.RegisterToGlobesTest4</td>
<td></td>
<td>8</td>
<td>com.yair_f.yair_f.RegisterToGlobesTest4@520a3426</td></tr>
<tr>
<td title='com.yair_f.yair_f.ForgotPasswordTest5.resetPassword()'><b>resetPassword</b><br>Test class: com.yair_f.yair_f.ForgotPasswordTest5</td>
<td></td>
<td>7</td>
<td>com.yair_f.yair_f.ForgotPasswordTest5@18eed359</td></tr>
<tr>
<td title='com.yair_f.yair_f.ShareMainArticleToFbTest9.shareArticle()'><b>shareArticle</b><br>Test class: com.yair_f.yair_f.ShareMainArticleToFbTest9</td>
<td></td>
<td>35</td>
<td>com.yair_f.yair_f.ShareMainArticleToFbTest9@185d8b6</td></tr>
<tr>
<td title='com.yair_f.yair_f.SubscribeToTevaTagitTest10.subscribeToTagit()'><b>subscribeToTagit</b><br>Test class: com.yair_f.yair_f.SubscribeToTevaTagitTest10</td>
<td></td>
<td>16</td>
<td>com.yair_f.yair_f.SubscribeToTevaTagitTest10@67784306</td></tr>
<tr>
<td title='com.yair_f.yair_f.WrongPasswordTest11.wrongPassword()'><b>wrongPassword</b><br>Test class: com.yair_f.yair_f.WrongPasswordTest11<br>Parameters: http://www.globes.co.il, globestest18@gmail.com, globes11</td>
<td></td>
<td>10</td>
<td>com.yair_f.yair_f.WrongPasswordTest11@335eadca</td></tr>
</table><p>
</body>
</html>