<?xml version="1.0" encoding="UTF-8"?>
<!-- Generated by org.testng.reporters.JUnitXMLReporter -->
<testsuite hostname="yair-fdev" ignored="0" name="sanity" tests="11" failures="1" timestamp="20 אוג 2019 12:29:40 GMT" time="210.539" errors="0">
  <testcase name="loginSession" time="8.949" classname="com.yair_f.yair_f.LoginTest1"/>
  <testcase name="disconnectUser" time="37.159" classname="com.yair_f.yair_f.LogOutTest2"/>
  <testcase name="login" time="10.744" classname="com.yair_f.yair_f.GoogleLoginTest3">
    <failure type="org.openqa.selenium.ElementClickInterceptedException" message="element click intercepted: Element &amp;lt;span class=&amp;quot;RveJvd snByac&amp;quot;&amp;gt;...&amp;lt;/span&amp;gt; is not clickable at point (83, 385). Other element would receive the click: &amp;lt;div class=&amp;quot;ANuIbb IdAqtf&amp;quot; jsname=&amp;quot;k4HEge&amp;quot; tabindex=&amp;quot;0&amp;quot;&amp;gt;&amp;lt;/div&amp;gt;
  (Session info: chrome=76.0.3809.100)
Build info: version: &amp;apos;3.141.59&amp;apos;, revision: &amp;apos;e82be7d358&amp;apos;, time: &amp;apos;2018-11-14T08:17:03&amp;apos;
System info: host: &amp;apos;YAIR-FDEV&amp;apos;, ip: &amp;apos;10.0.4.20&amp;apos;, os.name: &amp;apos;Windows 10&amp;apos;, os.arch: &amp;apos;amd64&amp;apos;, os.version: &amp;apos;10.0&amp;apos;, java.version: &amp;apos;1.8.0_191&amp;apos;
Driver info: org.openqa.selenium.chrome.ChromeDriver
Capabilities {acceptInsecureCerts: false, browserName: chrome, browserVersion: 76.0.3809.100, chrome: {chromedriverVersion: 76.0.3809.68 (420c9498db8ce..., userDataDir: C:\Users\yair-f\AppData\Loc...}, goog:chromeOptions: {debuggerAddress: localhost:60545}, javascriptEnabled: true, networkConnectionEnabled: false, pageLoadStrategy: normal, platform: XP, platformName: XP, proxy: Proxy(), setWindowRect: true, strictFileInteractability: false, timeouts: {implicit: 0, pageLoad: 300000, script: 30000}, unhandledPromptBehavior: dismiss and notify}
Session ID: 7de1cd21aaaa999d6c7f5c26cf6d97c7">
      <![CDATA[org.openqa.selenium.ElementClickInterceptedException: element click intercepted: Element <span class="RveJvd snByac">...</span> is not clickable at point (83, 385). Other element would receive the click: <div class="ANuIbb IdAqtf" jsname="k4HEge" tabindex="0"></div>
  (Session info: chrome=76.0.3809.100)
Build info: version: '3.141.59', revision: 'e82be7d358', time: '2018-11-14T08:17:03'
System info: host: 'YAIR-FDEV', ip: '10.0.4.20', os.name: 'Windows 10', os.arch: 'amd64', os.version: '10.0', java.version: '1.8.0_191'
Driver info: org.openqa.selenium.chrome.ChromeDriver
Capabilities {acceptInsecureCerts: false, browserName: chrome, browserVersion: 76.0.3809.100, chrome: {chromedriverVersion: 76.0.3809.68 (420c9498db8ce..., userDataDir: C:\Users\yair-f\AppData\Loc...}, goog:chromeOptions: {debuggerAddress: localhost:60545}, javascriptEnabled: true, networkConnectionEnabled: false, pageLoadStrategy: normal, platform: XP, platformName: XP, proxy: Proxy(), setWindowRect: true, strictFileInteractability: false, timeouts: {implicit: 0, pageLoad: 300000, script: 30000}, unhandledPromptBehavior: dismiss and notify}
Session ID: 7de1cd21aaaa999d6c7f5c26cf6d97c7
at org.openqa.selenium.remote.http.W3CHttpResponseCodec.createException(W3CHttpResponseCodec.java:187)
at org.openqa.selenium.remote.http.W3CHttpResponseCodec.decode(W3CHttpResponseCodec.java:122)
at org.openqa.selenium.remote.http.W3CHttpResponseCodec.decode(W3CHttpResponseCodec.java:49)
at org.openqa.selenium.remote.HttpCommandExecutor.execute(HttpCommandExecutor.java:158)
at org.openqa.selenium.remote.service.DriverCommandExecutor.execute(DriverCommandExecutor.java:83)
at org.openqa.selenium.remote.RemoteWebDriver.execute(RemoteWebDriver.java:552)
at org.openqa.selenium.remote.RemoteWebElement.execute(RemoteWebElement.java:285)
at org.openqa.selenium.remote.RemoteWebElement.click(RemoteWebElement.java:84)
at com.yair_f.yair_f.GoogleLoginTest3.login(GoogleLoginTest3.java:62)
... Removed 29 stack frames]]>
    </failure>
  </testcase> <!-- login -->
  <testcase name="registration" time="8.206" classname="com.yair_f.yair_f.RegisterToGlobesTest4"/>
  <testcase name="resetPassword" time="7.495" classname="com.yair_f.yair_f.ForgotPasswordTest5"/>
  <testcase name="login" time="16.364" classname="com.yair_f.yair_f.FacebookLoginTest6"/>
  <testcase name="addArticle" time="16.532" classname="com.yair_f.yair_f.AddArticleToSaveListTest7"/>
  <testcase name="electronicNewsPaper" time="16.313" classname="com.yair_f.yair_f.ElectronicNewsPaperTest8"/>
  <testcase name="shareArticle" time="35.108" classname="com.yair_f.yair_f.ShareMainArticleToFbTest9"/>
  <testcase name="subscribeToTagit" time="16.48" classname="com.yair_f.yair_f.SubscribeToTevaTagitTest10"/>
  <testcase name="wrongPassword" time="10.859" classname="com.yair_f.yair_f.WrongPasswordTest11"/>
</testsuite> <!-- sanity -->
